<?xml version="1.0" encoding="UTF-8"?>
<testsuite name="com.hwi.book.springboot.web.dto.HelloResponseDtoTest" tests="1" skipped="0" failures="0" errors="0" timestamp="2021-01-06T11:04:06" hostname="DESKTOP-C0BTI45" time="0.003">
  <properties/>
  <testcase name="lombok_func_test" classname="com.hwi.book.springboot.web.dto.HelloResponseDtoTest" time="0.003"/>
  <system-out><![CDATA[]]></system-out>
  <system-err><![CDATA[]]></system-err>
</testsuite>
