<?xml version="1.0" encoding="UTF-8"?>
<testsuite name="com.hwi.book.springboot.web.HelloControllerTest" tests="2" skipped="0" failures="0" errors="0" timestamp="2021-01-06T11:04:07" hostname="DESKTOP-C0BTI45" time="0.118">
  <properties/>
  <testcase name="ResultHelloDto" classname="com.hwi.book.springboot.web.HelloControllerTest" time="0.113"/>
  <testcase name="ResultHello" classname="com.hwi.book.springboot.web.HelloControllerTest" time="0.005"/>
  <system-out><![CDATA[2021-01-06 20:04:07.011  INFO 17644 --- [    Test worker] .b.t.a.w.s.WebMvcTestContextBootstrapper : Neither @ContextConfiguration nor @ContextHierarchy found for test class [com.hwi.book.springboot.web.HelloControllerTest], using SpringBootContextLoader
2021-01-06 20:04:07.012  INFO 17644 --- [    Test worker] o.s.t.c.support.AbstractContextLoader    : Could not detect default resource locations for test class [com.hwi.book.springboot.web.HelloControllerTest]: no resource found for suffixes {-context.xml, Context.groovy}.
2021-01-06 20:04:07.012  INFO 17644 --- [    Test worker] t.c.s.AnnotationConfigContextLoaderUtils : Could not detect default configuration classes for test class [com.hwi.book.springboot.web.HelloControllerTest]: HelloControllerTest does not declare any static, non-private, non-final, nested classes annotated with @Configuration.
2021-01-06 20:04:07.035  INFO 17644 --- [    Test worker] .b.t.c.SpringBootTestContextBootstrapper : Found @SpringBootConfiguration com.hwi.book.springboot.Application for test class com.hwi.book.springboot.web.HelloControllerTest
2021-01-06 20:04:07.035  INFO 17644 --- [    Test worker] .b.t.a.w.s.WebMvcTestContextBootstrapper : Loaded default TestExecutionListener class names from location [META-INF/spring.factories]: [org.springframework.security.test.context.support.WithSecurityContextTestExecutionListener, org.springframework.security.test.context.support.ReactorContextTestExecutionListener, org.springframework.boot.test.autoconfigure.restdocs.RestDocsTestExecutionListener, org.springframework.boot.test.autoconfigure.web.client.MockRestServiceServerResetTestExecutionListener, org.springframework.boot.test.autoconfigure.web.servlet.MockMvcPrintOnlyOnFailureTestExecutionListener, org.springframework.boot.test.autoconfigure.web.servlet.WebDriverTestExecutionListener, org.springframework.boot.test.mock.mockito.MockitoTestExecutionListener, org.springframework.boot.test.mock.mockito.ResetMocksTestExecutionListener, org.springframework.test.context.web.ServletTestExecutionListener, org.springframework.test.context.support.DirtiesContextBeforeModesTestExecutionListener, org.springframework.test.context.support.DependencyInjectionTestExecutionListener, org.springframework.test.context.support.DirtiesContextTestExecutionListener, org.springframework.test.context.transaction.TransactionalTestExecutionListener, org.springframework.test.context.jdbc.SqlScriptsTestExecutionListener]
2021-01-06 20:04:07.036  INFO 17644 --- [    Test worker] .b.t.a.w.s.WebMvcTestContextBootstrapper : Using TestExecutionListeners: [org.springframework.test.context.web.ServletTestExecutionListener@f484dbf, org.springframework.test.context.support.DirtiesContextBeforeModesTestExecutionListener@53dd7d72, org.springframework.boot.test.mock.mockito.MockitoTestExecutionListener@626e3fac, org.springframework.boot.test.autoconfigure.SpringBootDependencyInjectionTestExecutionListener@7aa96206, org.springframework.test.context.support.DirtiesContextTestExecutionListener@3741ed59, org.springframework.test.context.transaction.TransactionalTestExecutionListener@fcf302e, org.springframework.test.context.jdbc.SqlScriptsTestExecutionListener@1ccfed24, org.springframework.security.test.context.support.WithSecurityContextTestExecutionListener@2dc705e9, org.springframework.security.test.context.support.ReactorContextTestExecutionListener@15d41e2d, org.springframework.boot.test.autoconfigure.restdocs.RestDocsTestExecutionListener@636c02f9, org.springframework.boot.test.autoconfigure.web.client.MockRestServiceServerResetTestExecutionListener@a9657d, org.springframework.boot.test.autoconfigure.web.servlet.MockMvcPrintOnlyOnFailureTestExecutionListener@15d4c0cc, org.springframework.boot.test.autoconfigure.web.servlet.WebDriverTestExecutionListener@20c4812d, org.springframework.boot.test.mock.mockito.ResetMocksTestExecutionListener@23bc2406]

  .   ____          _            __ _ _
 /\\ / ___'_ __ _ _(_)_ __  __ _ \ \ \ \
( ( )\___ | '_ | '_| | '_ \/ _` | \ \ \ \
 \\/  ___)| |_)| | | | | || (_| |  ) ) ) )
  '  |____| .__|_| |_|_| |_\__, | / / / /
 =========|_|==============|___/=/_/_/_/
 :: Spring Boot ::        (v2.1.7.RELEASE)

2021-01-06 20:04:07.066  INFO 17644 --- [    Test worker] c.h.b.s.web.HelloControllerTest          : Starting HelloControllerTest on DESKTOP-C0BTI45 with PID 17644 (started by 이휘찬 in C:\Users\이휘찬\Documents\GitHub\foo-springboot2-webservice)
2021-01-06 20:04:07.067  INFO 17644 --- [    Test worker] c.h.b.s.web.HelloControllerTest          : No active profile set, falling back to default profiles: default
2021-01-06 20:04:07.429  INFO 17644 --- [    Test worker] o.s.s.concurrent.ThreadPoolTaskExecutor  : Initializing ExecutorService 'applicationTaskExecutor'
2021-01-06 20:04:07.453  INFO 17644 --- [    Test worker] o.s.b.a.w.s.WelcomePageHandlerMapping    : Adding welcome page template: index
2021-01-06 20:04:07.607  INFO 17644 --- [    Test worker] .s.s.UserDetailsServiceAutoConfiguration : 

Using generated security password: 306485f3-e94f-4ad6-9ec8-eb388aca0d51

2021-01-06 20:04:07.708  INFO 17644 --- [    Test worker] o.s.s.web.DefaultSecurityFilterChain     : Creating filter chain: any request, [org.springframework.security.web.context.request.async.WebAsyncManagerIntegrationFilter@304103ba, org.springframework.security.web.context.SecurityContextPersistenceFilter@43b55f7a, org.springframework.security.web.header.HeaderWriterFilter@6804cf41, org.springframework.security.web.csrf.CsrfFilter@5942bd2b, org.springframework.security.web.authentication.logout.LogoutFilter@7776e3f7, org.springframework.security.web.authentication.UsernamePasswordAuthenticationFilter@736b9140, org.springframework.security.web.authentication.ui.DefaultLoginPageGeneratingFilter@5545bc18, org.springframework.security.web.authentication.ui.DefaultLogoutPageGeneratingFilter@3caf5d00, org.springframework.security.web.authentication.www.BasicAuthenticationFilter@10780daf, org.springframework.security.web.savedrequest.RequestCacheAwareFilter@23ca7f23, org.springframework.security.web.servletapi.SecurityContextHolderAwareRequestFilter@6dfac2dc, org.springframework.security.web.authentication.AnonymousAuthenticationFilter@6c6a2a4f, org.springframework.security.web.session.SessionManagementFilter@24e38c8f, org.springframework.security.web.access.ExceptionTranslationFilter@7fa3e788, org.springframework.security.web.access.intercept.FilterSecurityInterceptor@2535c157]
2021-01-06 20:04:07.734  INFO 17644 --- [    Test worker] o.s.b.t.m.w.SpringBootMockServletContext : Initializing Spring TestDispatcherServlet ''
2021-01-06 20:04:07.734  INFO 17644 --- [    Test worker] o.s.t.web.servlet.TestDispatcherServlet  : Initializing Servlet ''
2021-01-06 20:04:07.746  INFO 17644 --- [    Test worker] o.s.t.web.servlet.TestDispatcherServlet  : Completed initialization in 12 ms
2021-01-06 20:04:07.770  INFO 17644 --- [    Test worker] c.h.b.s.web.HelloControllerTest          : Started HelloControllerTest in 0.731 seconds (JVM running for 6.667)
]]></system-out>
  <system-err><![CDATA[]]></system-err>
</testsuite>
