<?xml version="1.0" encoding="UTF-8"?>
<testsuite name="com.hwi.book.springboot.web.IndexControllerTest" tests="1" skipped="0" failures="0" errors="0" timestamp="2021-01-06T11:04:09" hostname="DESKTOP-C0BTI45" time="0.151">
  <properties/>
  <testcase name="mainpage_loading" classname="com.hwi.book.springboot.web.IndexControllerTest" time="0.151"/>
  <system-out><![CDATA[2021-01-06 20:04:07.892  INFO 17644 --- [    Test worker] .b.t.c.SpringBootTestContextBootstrapper : Neither @ContextConfiguration nor @ContextHierarchy found for test class [com.hwi.book.springboot.web.IndexControllerTest], using SpringBootContextLoader
2021-01-06 20:04:07.893  INFO 17644 --- [    Test worker] o.s.t.c.support.AbstractContextLoader    : Could not detect default resource locations for test class [com.hwi.book.springboot.web.IndexControllerTest]: no resource found for suffixes {-context.xml, Context.groovy}.
2021-01-06 20:04:07.893  INFO 17644 --- [    Test worker] t.c.s.AnnotationConfigContextLoaderUtils : Could not detect default configuration classes for test class [com.hwi.book.springboot.web.IndexControllerTest]: IndexControllerTest does not declare any static, non-private, non-final, nested classes annotated with @Configuration.
2021-01-06 20:04:07.894  INFO 17644 --- [    Test worker] .b.t.c.SpringBootTestContextBootstrapper : Found @SpringBootConfiguration com.hwi.book.springboot.Application for test class com.hwi.book.springboot.web.IndexControllerTest
2021-01-06 20:04:07.895  INFO 17644 --- [    Test worker] .b.t.c.SpringBootTestContextBootstrapper : Loaded default TestExecutionListener class names from location [META-INF/spring.factories]: [org.springframework.security.test.context.support.WithSecurityContextTestExecutionListener, org.springframework.security.test.context.support.ReactorContextTestExecutionListener, org.springframework.boot.test.autoconfigure.restdocs.RestDocsTestExecutionListener, org.springframework.boot.test.autoconfigure.web.client.MockRestServiceServerResetTestExecutionListener, org.springframework.boot.test.autoconfigure.web.servlet.MockMvcPrintOnlyOnFailureTestExecutionListener, org.springframework.boot.test.autoconfigure.web.servlet.WebDriverTestExecutionListener, org.springframework.boot.test.mock.mockito.MockitoTestExecutionListener, org.springframework.boot.test.mock.mockito.ResetMocksTestExecutionListener, org.springframework.test.context.web.ServletTestExecutionListener, org.springframework.test.context.support.DirtiesContextBeforeModesTestExecutionListener, org.springframework.test.context.support.DependencyInjectionTestExecutionListener, org.springframework.test.context.support.DirtiesContextTestExecutionListener, org.springframework.test.context.transaction.TransactionalTestExecutionListener, org.springframework.test.context.jdbc.SqlScriptsTestExecutionListener]
2021-01-06 20:04:07.896  INFO 17644 --- [    Test worker] .b.t.c.SpringBootTestContextBootstrapper : Using TestExecutionListeners: [org.springframework.test.context.web.ServletTestExecutionListener@3b7efaed, org.springframework.test.context.support.DirtiesContextBeforeModesTestExecutionListener@1abc06c, org.springframework.boot.test.mock.mockito.MockitoTestExecutionListener@117b5caa, org.springframework.boot.test.autoconfigure.SpringBootDependencyInjectionTestExecutionListener@6103d81a, org.springframework.test.context.support.DirtiesContextTestExecutionListener@2d66ff45, org.springframework.test.context.transaction.TransactionalTestExecutionListener@7211f225, org.springframework.test.context.jdbc.SqlScriptsTestExecutionListener@39c47ec1, org.springframework.security.test.context.support.WithSecurityContextTestExecutionListener@46f8a2eb, org.springframework.security.test.context.support.ReactorContextTestExecutionListener@5c7ee1a6, org.springframework.boot.test.autoconfigure.restdocs.RestDocsTestExecutionListener@2183b0d6, org.springframework.boot.test.autoconfigure.web.client.MockRestServiceServerResetTestExecutionListener@3b2bf051, org.springframework.boot.test.autoconfigure.web.servlet.MockMvcPrintOnlyOnFailureTestExecutionListener@3847f225, org.springframework.boot.test.autoconfigure.web.servlet.WebDriverTestExecutionListener@139f575a, org.springframework.boot.test.mock.mockito.ResetMocksTestExecutionListener@2fa640ff]

  .   ____          _            __ _ _
 /\\ / ___'_ __ _ _(_)_ __  __ _ \ \ \ \
( ( )\___ | '_ | '_| | '_ \/ _` | \ \ \ \
 \\/  ___)| |_)| | | | | || (_| |  ) ) ) )
  '  |____| .__|_| |_|_| |_\__, | / / / /
 =========|_|==============|___/=/_/_/_/
 :: Spring Boot ::        (v2.1.7.RELEASE)

2021-01-06 20:04:07.920  INFO 17644 --- [    Test worker] c.h.b.s.web.IndexControllerTest          : Starting IndexControllerTest on DESKTOP-C0BTI45 with PID 17644 (started by 이휘찬 in C:\Users\이휘찬\Documents\GitHub\foo-springboot2-webservice)
2021-01-06 20:04:07.920  INFO 17644 --- [    Test worker] c.h.b.s.web.IndexControllerTest          : No active profile set, falling back to default profiles: default
2021-01-06 20:04:08.077  INFO 17644 --- [    Test worker] .s.d.r.c.RepositoryConfigurationDelegate : Bootstrapping Spring Data repositories in DEFAULT mode.
2021-01-06 20:04:08.096  INFO 17644 --- [    Test worker] .s.d.r.c.RepositoryConfigurationDelegate : Finished Spring Data repository scanning in 19ms. Found 2 repository interfaces.
2021-01-06 20:04:08.162  INFO 17644 --- [    Test worker] trationDelegate$BeanPostProcessorChecker : Bean 'org.springframework.transaction.annotation.ProxyTransactionManagementConfiguration' of type [org.springframework.transaction.annotation.ProxyTransactionManagementConfiguration$$EnhancerBySpringCGLIB$$72755456] is not eligible for getting processed by all BeanPostProcessors (for example: not eligible for auto-proxying)
2021-01-06 20:04:08.346  INFO 17644 --- [    Test worker] o.s.b.w.embedded.tomcat.TomcatWebServer  : Tomcat initialized with port(s): 0 (http)
2021-01-06 20:04:08.369  INFO 17644 --- [    Test worker] o.apache.catalina.core.StandardService   : Starting service [Tomcat]
2021-01-06 20:04:08.369  INFO 17644 --- [    Test worker] org.apache.catalina.core.StandardEngine  : Starting Servlet engine: [Apache Tomcat/9.0.22]
2021-01-06 20:04:08.483  INFO 17644 --- [    Test worker] o.a.c.c.C.[Tomcat].[localhost].[/]       : Initializing Spring embedded WebApplicationContext
2021-01-06 20:04:08.483  INFO 17644 --- [    Test worker] o.s.web.context.ContextLoader            : Root WebApplicationContext: initialization completed in 560 ms
2021-01-06 20:04:08.617  INFO 17644 --- [    Test worker] com.zaxxer.hikari.HikariDataSource       : HikariPool-2 - Starting...
2021-01-06 20:04:08.618  INFO 17644 --- [    Test worker] com.zaxxer.hikari.HikariDataSource       : HikariPool-2 - Start completed.
2021-01-06 20:04:08.645  INFO 17644 --- [    Test worker] o.hibernate.jpa.internal.util.LogHelper  : HHH000204: Processing PersistenceUnitInfo [
	name: default
	...]
2021-01-06 20:04:08.653  INFO 17644 --- [    Test worker] org.hibernate.dialect.Dialect            : HHH000400: Using dialect: org.hibernate.dialect.MySQL5InnoDBDialect
Hibernate: drop table if exists posts
Hibernate: drop table if exists user
Hibernate: create table posts (id bigint not null auto_increment, created_date datetime, modified_date datetime, author varchar(255), content TEXT not null, title varchar(500) not null, primary key (id)) engine=InnoDB
Hibernate: create table user (id bigint not null auto_increment, created_date datetime, modified_date datetime, email varchar(255) not null, name varchar(255) not null, picture varchar(255), role varchar(255) not null, primary key (id)) engine=InnoDB
2021-01-06 20:04:08.695  INFO 17644 --- [    Test worker] o.h.t.schema.internal.SchemaCreatorImpl  : HHH000476: Executing import script 'org.hibernate.tool.schema.internal.exec.ScriptSourceInputNonExistentImpl@654302ee'
2021-01-06 20:04:08.695  INFO 17644 --- [    Test worker] j.LocalContainerEntityManagerFactoryBean : Initialized JPA EntityManagerFactory for persistence unit 'default'
2021-01-06 20:04:08.841  INFO 17644 --- [    Test worker] o.h.h.i.QueryTranslatorFactoryInitiator  : HHH000397: Using ASTQueryTranslatorFactory
2021-01-06 20:04:09.075  INFO 17644 --- [    Test worker] o.s.s.web.DefaultSecurityFilterChain     : Creating filter chain: any request, [org.springframework.security.web.context.request.async.WebAsyncManagerIntegrationFilter@73b1df97, org.springframework.security.web.context.SecurityContextPersistenceFilter@78e45fa8, org.springframework.security.web.header.HeaderWriterFilter@4d45320f, org.springframework.security.web.authentication.logout.LogoutFilter@1a60894, org.springframework.security.oauth2.client.web.OAuth2AuthorizationRequestRedirectFilter@4c60afb9, org.springframework.security.oauth2.client.web.OAuth2LoginAuthenticationFilter@f380307, org.springframework.security.web.authentication.ui.DefaultLoginPageGeneratingFilter@5be5155f, org.springframework.security.web.authentication.ui.DefaultLogoutPageGeneratingFilter@dcfe464, org.springframework.security.web.savedrequest.RequestCacheAwareFilter@338798eb, org.springframework.security.web.servletapi.SecurityContextHolderAwareRequestFilter@57b611de, org.springframework.security.web.authentication.AnonymousAuthenticationFilter@449b9f03, org.springframework.security.web.session.SessionManagementFilter@1bd2e1a6, org.springframework.security.web.access.ExceptionTranslationFilter@769983f, org.springframework.security.web.access.intercept.FilterSecurityInterceptor@33a9a520]
2021-01-06 20:04:09.210  INFO 17644 --- [    Test worker] o.s.s.concurrent.ThreadPoolTaskExecutor  : Initializing ExecutorService 'applicationTaskExecutor'
2021-01-06 20:04:09.219  WARN 17644 --- [    Test worker] aWebConfiguration$JpaWebMvcConfiguration : spring.jpa.open-in-view is enabled by default. Therefore, database queries may be performed during view rendering. Explicitly configure spring.jpa.open-in-view to disable this warning
2021-01-06 20:04:09.238  INFO 17644 --- [    Test worker] o.s.b.a.w.s.WelcomePageHandlerMapping    : Adding welcome page template: index
2021-01-06 20:04:09.458  INFO 17644 --- [    Test worker] s.a.ScheduledAnnotationBeanPostProcessor : No TaskScheduler/ScheduledExecutorService bean found for scheduled processing
2021-01-06 20:04:09.473  INFO 17644 --- [    Test worker] o.s.b.w.embedded.tomcat.TomcatWebServer  : Tomcat started on port(s): 5071 (http) with context path ''
2021-01-06 20:04:09.474  INFO 17644 --- [    Test worker] c.h.b.s.web.IndexControllerTest          : Started IndexControllerTest in 1.577 seconds (JVM running for 8.371)
2021-01-06 20:04:09.549  INFO 17644 --- [o-auto-1-exec-1] o.a.c.c.C.[Tomcat].[localhost].[/]       : Initializing Spring DispatcherServlet 'dispatcherServlet'
2021-01-06 20:04:09.549  INFO 17644 --- [o-auto-1-exec-1] o.s.web.servlet.DispatcherServlet        : Initializing Servlet 'dispatcherServlet'
2021-01-06 20:04:09.569  INFO 17644 --- [o-auto-1-exec-1] o.s.web.servlet.DispatcherServlet        : Completed initialization in 20 ms
Hibernate: select posts0_.id as id1_0_, posts0_.created_date as created_2_0_, posts0_.modified_date as modified3_0_, posts0_.author as author4_0_, posts0_.content as content5_0_, posts0_.title as title6_0_ from posts posts0_ order by posts0_.id DESC
]]></system-out>
  <system-err><![CDATA[]]></system-err>
</testsuite>
