<?xml version="1.0" encoding="UTF-8"?>
<testsuite name="com.hwi.book.springboot.web.HelloControllerTest" tests="2" skipped="0" failures="0" errors="0" timestamp="2020-12-24T04:26:55" hostname="hwechans" time="0.278">
  <properties/>
  <testcase name="ResultHelloDto" classname="com.hwi.book.springboot.web.HelloControllerTest" time="0.258"/>
  <testcase name="ResultHello" classname="com.hwi.book.springboot.web.HelloControllerTest" time="0.019"/>
  <system-out><![CDATA[2020-12-24 13:26:54.083  INFO 13236 --- [    Test worker] .b.t.a.w.s.WebMvcTestContextBootstrapper : Neither @ContextConfiguration nor @ContextHierarchy found for test class [com.hwi.book.springboot.web.HelloControllerTest], using SpringBootContextLoader
2020-12-24 13:26:54.085  INFO 13236 --- [    Test worker] o.s.t.c.support.AbstractContextLoader    : Could not detect default resource locations for test class [com.hwi.book.springboot.web.HelloControllerTest]: no resource found for suffixes {-context.xml, Context.groovy}.
2020-12-24 13:26:54.086  INFO 13236 --- [    Test worker] t.c.s.AnnotationConfigContextLoaderUtils : Could not detect default configuration classes for test class [com.hwi.book.springboot.web.HelloControllerTest]: HelloControllerTest does not declare any static, non-private, non-final, nested classes annotated with @Configuration.
2020-12-24 13:26:54.108  INFO 13236 --- [    Test worker] .b.t.c.SpringBootTestContextBootstrapper : Found @SpringBootConfiguration com.hwi.book.springboot.Application for test class com.hwi.book.springboot.web.HelloControllerTest
2020-12-24 13:26:54.109  INFO 13236 --- [    Test worker] .b.t.a.w.s.WebMvcTestContextBootstrapper : Loaded default TestExecutionListener class names from location [META-INF/spring.factories]: [org.springframework.security.test.context.support.WithSecurityContextTestExecutionListener, org.springframework.security.test.context.support.ReactorContextTestExecutionListener, org.springframework.boot.test.autoconfigure.restdocs.RestDocsTestExecutionListener, org.springframework.boot.test.autoconfigure.web.client.MockRestServiceServerResetTestExecutionListener, org.springframework.boot.test.autoconfigure.web.servlet.MockMvcPrintOnlyOnFailureTestExecutionListener, org.springframework.boot.test.autoconfigure.web.servlet.WebDriverTestExecutionListener, org.springframework.boot.test.mock.mockito.MockitoTestExecutionListener, org.springframework.boot.test.mock.mockito.ResetMocksTestExecutionListener, org.springframework.test.context.web.ServletTestExecutionListener, org.springframework.test.context.support.DirtiesContextBeforeModesTestExecutionListener, org.springframework.test.context.support.DependencyInjectionTestExecutionListener, org.springframework.test.context.support.DirtiesContextTestExecutionListener, org.springframework.test.context.transaction.TransactionalTestExecutionListener, org.springframework.test.context.jdbc.SqlScriptsTestExecutionListener]
2020-12-24 13:26:54.113  INFO 13236 --- [    Test worker] .b.t.a.w.s.WebMvcTestContextBootstrapper : Using TestExecutionListeners: [org.springframework.test.context.web.ServletTestExecutionListener@5d630097, org.springframework.test.context.support.DirtiesContextBeforeModesTestExecutionListener@603d5e95, org.springframework.boot.test.mock.mockito.MockitoTestExecutionListener@9fef627, org.springframework.boot.test.autoconfigure.SpringBootDependencyInjectionTestExecutionListener@2ee3ee94, org.springframework.test.context.support.DirtiesContextTestExecutionListener@6bc12467, org.springframework.test.context.transaction.TransactionalTestExecutionListener@6102067c, org.springframework.test.context.jdbc.SqlScriptsTestExecutionListener@1fb39bb5, org.springframework.security.test.context.support.WithSecurityContextTestExecutionListener@2e954199, org.springframework.security.test.context.support.ReactorContextTestExecutionListener@4c95aa30, org.springframework.boot.test.autoconfigure.restdocs.RestDocsTestExecutionListener@3d557438, org.springframework.boot.test.autoconfigure.web.client.MockRestServiceServerResetTestExecutionListener@3eb83e14, org.springframework.boot.test.autoconfigure.web.servlet.MockMvcPrintOnlyOnFailureTestExecutionListener@3a2529d3, org.springframework.boot.test.autoconfigure.web.servlet.WebDriverTestExecutionListener@5b00c08d, org.springframework.boot.test.mock.mockito.ResetMocksTestExecutionListener@4de29b61]

  .   ____          _            __ _ _
 /\\ / ___'_ __ _ _(_)_ __  __ _ \ \ \ \
( ( )\___ | '_ | '_| | '_ \/ _` | \ \ \ \
 \\/  ___)| |_)| | | | | || (_| |  ) ) ) )
  '  |____| .__|_| |_|_| |_\__, | / / / /
 =========|_|==============|___/=/_/_/_/
 :: Spring Boot ::        (v2.1.7.RELEASE)

2020-12-24 13:26:54.164  INFO 13236 --- [    Test worker] c.h.b.s.web.HelloControllerTest          : Starting HelloControllerTest on hwechans with PID 13236 (started by HweChan in C:\Users\HweChan\IdeaProjects\foo)
2020-12-24 13:26:54.166  INFO 13236 --- [    Test worker] c.h.b.s.web.HelloControllerTest          : No active profile set, falling back to default profiles: default
2020-12-24 13:26:54.855  INFO 13236 --- [    Test worker] o.s.s.concurrent.ThreadPoolTaskExecutor  : Initializing ExecutorService 'applicationTaskExecutor'
2020-12-24 13:26:54.903  INFO 13236 --- [    Test worker] o.s.b.a.w.s.WelcomePageHandlerMapping    : Adding welcome page template: index
2020-12-24 13:26:55.278  INFO 13236 --- [    Test worker] .s.s.UserDetailsServiceAutoConfiguration : 

Using generated security password: 8784411c-c56f-4a98-a3bb-5b02c68c030d

2020-12-24 13:26:55.602  INFO 13236 --- [    Test worker] o.s.s.web.DefaultSecurityFilterChain     : Creating filter chain: any request, [org.springframework.security.web.context.request.async.WebAsyncManagerIntegrationFilter@32f66ee0, org.springframework.security.web.context.SecurityContextPersistenceFilter@11bd4a91, org.springframework.security.web.header.HeaderWriterFilter@12606033, org.springframework.security.web.csrf.CsrfFilter@5e8e1ed5, org.springframework.security.web.authentication.logout.LogoutFilter@6244efa3, org.springframework.security.web.authentication.UsernamePasswordAuthenticationFilter@5153b366, org.springframework.security.web.authentication.ui.DefaultLoginPageGeneratingFilter@c69f848, org.springframework.security.web.authentication.ui.DefaultLogoutPageGeneratingFilter@10b7dd4, org.springframework.security.web.authentication.www.BasicAuthenticationFilter@65d70d7e, org.springframework.security.web.savedrequest.RequestCacheAwareFilter@14c6f9fd, org.springframework.security.web.servletapi.SecurityContextHolderAwareRequestFilter@5b672ae, org.springframework.security.web.authentication.AnonymousAuthenticationFilter@5cea3c76, org.springframework.security.web.session.SessionManagementFilter@3cb6ac1c, org.springframework.security.web.access.ExceptionTranslationFilter@1282ff84, org.springframework.security.web.access.intercept.FilterSecurityInterceptor@173935b2]
2020-12-24 13:26:55.631  INFO 13236 --- [    Test worker] o.s.b.t.m.w.SpringBootMockServletContext : Initializing Spring TestDispatcherServlet ''
2020-12-24 13:26:55.631  INFO 13236 --- [    Test worker] o.s.t.web.servlet.TestDispatcherServlet  : Initializing Servlet ''
2020-12-24 13:26:55.647  INFO 13236 --- [    Test worker] o.s.t.web.servlet.TestDispatcherServlet  : Completed initialization in 16 ms
2020-12-24 13:26:55.689  INFO 13236 --- [    Test worker] c.h.b.s.web.HelloControllerTest          : Started HelloControllerTest in 1.572 seconds (JVM running for 18.311)
]]></system-out>
  <system-err><![CDATA[]]></system-err>
</testsuite>
